# JRE version: OpenJDK Runtime Environment Corretto-11.0.11.9.1 (11.0.11+9) (build 11.0.11+9-LTS)
# Java VM: OpenJDK 64-Bit Server VM Corretto-11.0.11.9.1 (11.0.11+9-LTS, mixed mode, tiered, compressed oops, g1 gc, windows-amd64)
Heap:
 garbage-first heap   total 315392K, used 102185K [0x0000000701000000, 0x0000000800000000)
  region size 1024K, 92 young (94208K), 13 survivors (13312K)
 Metaspace       used 68245K, capacity 69878K, committed 70144K, reserved 1110016K
  class space    used 8777K, capacity 9430K, committed 9472K, reserved 1048576K
GC Heap History (14 events):
Event: 0.736 GC heap before
{Heap before GC invocations=0 (full 0):
 garbage-first heap   total 262144K, used 25600K [0x0000000701000000, 0x0000000800000000)
  region size 1024K, 24 young (24576K), 0 survivors (0K)
 Metaspace       used 11916K, capacity 12172K, committed 12288K, reserved 1060864K
  class space    used 1171K, capacity 1248K, committed 1280K, reserved 1048576K
}
Event: 0.741 GC heap after
{Heap after GC invocations=1 (full 0):
 garbage-first heap   total 262144K, used 6981K [0x0000000701000000, 0x0000000800000000)
  region size 1024K, 3 young (3072K), 3 survivors (3072K)
 Metaspace       used 11916K, capacity 12172K, committed 12288K, reserved 1060864K
  class space    used 1171K, capacity 1248K, committed 1280K, reserved 1048576K
}
Event: 1.347 GC heap before
{Heap before GC invocations=1 (full 0):
 garbage-first heap   total 262144K, used 54085K [0x0000000701000000, 0x0000000800000000)
  region size 1024K, 50 young (51200K), 3 survivors (3072K)
 Metaspace       used 20704K, capacity 21192K, committed 21248K, reserved 1069056K
  class space    used 2334K, capacity 2542K, committed 2560K, reserved 1048576K
}
Event: 1.356 GC heap after
{Heap after GC invocations=2 (full 0):
 garbage-first heap   total 262144K, used 9467K [0x0000000701000000, 0x0000000800000000)
  region size 1024K, 6 young (6144K), 6 survivors (6144K)
 Metaspace       used 20704K, capacity 21192K, committed 21248K, reserved 1069056K
  class space    used 2334K, capacity 2542K, committed 2560K, reserved 1048576K
}
Event: 1.585 GC heap before
{Heap before GC invocations=3 (full 0):
 garbage-first heap   total 262144K, used 60667K [0x0000000701000000, 0x0000000800000000)
  region size 1024K, 57 young (58368K), 6 survivors (6144K)
 Metaspace       used 24924K, capacity 25570K, committed 25728K, reserved 1071104K
  class space    used 2912K, capacity 3150K, committed 3200K, reserved 1048576K
}
Event: 1.591 GC heap after
{Heap after GC invocations=4 (full 0):
 garbage-first heap   total 262144K, used 11051K [0x0000000701000000, 0x0000000800000000)
  region size 1024K, 4 young (4096K), 4 survivors (4096K)
 Metaspace       used 24924K, capacity 25570K, committed 25728K, reserved 1071104K
  class space    used 2912K, capacity 3150K, committed 3200K, reserved 1048576K
}
Event: 2.506 GC heap before
{Heap before GC invocations=4 (full 0):
 garbage-first heap   total 262144K, used 105259K [0x0000000701000000, 0x0000000800000000)
  region size 1024K, 97 young (99328K), 4 survivors (4096K)
 Metaspace       used 33699K, capacity 34532K, committed 34816K, reserved 1079296K
  class space    used 3974K, capacity 4322K, committed 4352K, reserved 1048576K
}
Event: 2.511 GC heap after
{Heap after GC invocations=5 (full 0):
 garbage-first heap   total 262144K, used 13903K [0x0000000701000000, 0x0000000800000000)
  region size 1024K, 7 young (7168K), 7 survivors (7168K)
 Metaspace       used 33699K, capacity 34532K, committed 34816K, reserved 1079296K
  class space    used 3974K, capacity 4322K, committed 4352K, reserved 1048576K
}
Event: 2.670 GC heap before
{Heap before GC invocations=5 (full 0):
 garbage-first heap   total 262144K, used 24143K [0x0000000701000000, 0x0000000800000000)
  region size 1024K, 18 young (18432K), 7 survivors (7168K)
 Metaspace       used 34850K, capacity 35732K, committed 35840K, reserved 1081344K
  class space    used 4152K, capacity 4501K, committed 4608K, reserved 1048576K
}
Event: 2.680 GC heap after
{Heap after GC invocations=6 (full 0):
 garbage-first heap   total 315392K, used 14594K [0x0000000701000000, 0x0000000800000000)
  region size 1024K, 8 young (8192K), 8 survivors (8192K)
 Metaspace       used 34850K, capacity 35732K, committed 35840K, reserved 1081344K
  class space    used 4152K, capacity 4501K, committed 4608K, reserved 1048576K
}
Event: 4.638 GC heap before
{Heap before GC invocations=7 (full 0):
 garbage-first heap   total 315392K, used 148738K [0x0000000701000000, 0x0000000800000000)
  region size 1024K, 140 young (143360K), 8 survivors (8192K)
 Metaspace       used 54180K, capacity 55559K, committed 55808K, reserved 1097728K
  class space    used 6789K, capacity 7335K, committed 7424K, reserved 1048576K
}
Event: 4.648 GC heap after
{Heap after GC invocations=8 (full 0):
 garbage-first heap   total 315392K, used 20530K [0x0000000701000000, 0x0000000800000000)
  region size 1024K, 14 young (14336K), 14 survivors (14336K)
 Metaspace       used 54180K, capacity 55559K, committed 55808K, reserved 1097728K
  class space    used 6789K, capacity 7335K, committed 7424K, reserved 1048576K
}
Event: 4.986 GC heap before
{Heap before GC invocations=8 (full 0):
 garbage-first heap   total 315392K, used 43058K [0x0000000701000000, 0x0000000800000000)
  region size 1024K, 37 young (37888K), 14 survivors (14336K)
 Metaspace       used 58731K, capacity 60022K, committed 60160K, reserved 1101824K
  class space    used 7311K, capacity 7840K, committed 7936K, reserved 1048576K
}
Event: 5.001 GC heap after
{Heap after GC invocations=9 (full 0):
 garbage-first heap   total 315392K, used 22313K [0x0000000701000000, 0x0000000800000000)
  region size 1024K, 13 young (13312K), 13 survivors (13312K)
 Metaspace       used 58731K, capacity 60022K, committed 60160K, reserved 1101824K
  class space    used 7311K, capacity 7840K, committed 7936K, reserved 1048576K
}

