# JRE version: OpenJDK Runtime Environment Corretto-11.0.11.9.1 (11.0.11+9) (build 11.0.11+9-LTS)
# Java VM: OpenJDK 64-Bit Server VM Corretto-11.0.11.9.1 (11.0.11+9-LTS, mixed mode, tiered, compressed oops, g1 gc, windows-amd64)
Heap:
 garbage-first heap   total 315392K, used 79158K [0x0000000701000000, 0x0000000800000000)
  region size 1024K, 68 young (69632K), 19 survivors (19456K)
 Metaspace       used 81258K, capacity 83269K, committed 83328K, reserved 1122304K
  class space    used 10283K, capacity 11081K, committed 11136K, reserved 1048576K
GC Heap History (16 events):
Event: 0.850 GC heap before
{Heap before GC invocations=0 (full 0):
 garbage-first heap   total 262144K, used 24576K [0x0000000701000000, 0x0000000800000000)
  region size 1024K, 24 young (24576K), 0 survivors (0K)
 Metaspace       used 11874K, capacity 12108K, committed 12288K, reserved 1060864K
  class space    used 1165K, capacity 1248K, committed 1280K, reserved 1048576K
}
Event: 0.855 GC heap after
{Heap after GC invocations=1 (full 0):
 garbage-first heap   total 262144K, used 7733K [0x0000000701000000, 0x0000000800000000)
  region size 1024K, 3 young (3072K), 3 survivors (3072K)
 Metaspace       used 11874K, capacity 12108K, committed 12288K, reserved 1060864K
  class space    used 1165K, capacity 1248K, committed 1280K, reserved 1048576K
}
Event: 1.580 GC heap before
{Heap before GC invocations=1 (full 0):
 garbage-first heap   total 262144K, used 53813K [0x0000000701000000, 0x0000000800000000)
  region size 1024K, 49 young (50176K), 3 survivors (3072K)
 Metaspace       used 20708K, capacity 21201K, committed 21248K, reserved 1069056K
  class space    used 2333K, capacity 2544K, committed 2560K, reserved 1048576K
}
Event: 1.586 GC heap after
{Heap after GC invocations=2 (full 0):
 garbage-first heap   total 262144K, used 9860K [0x0000000701000000, 0x0000000800000000)
  region size 1024K, 6 young (6144K), 6 survivors (6144K)
 Metaspace       used 20708K, capacity 21201K, committed 21248K, reserved 1069056K
  class space    used 2333K, capacity 2544K, committed 2560K, reserved 1048576K
}
Event: 1.914 GC heap before
{Heap before GC invocations=3 (full 0):
 garbage-first heap   total 262144K, used 49796K [0x0000000701000000, 0x0000000800000000)
  region size 1024K, 45 young (46080K), 6 survivors (6144K)
 Metaspace       used 25708K, capacity 26347K, committed 26624K, reserved 1073152K
  class space    used 2971K, capacity 3213K, committed 3328K, reserved 1048576K
}
Event: 1.920 GC heap after
{Heap after GC invocations=4 (full 0):
 garbage-first heap   total 262144K, used 11618K [0x0000000701000000, 0x0000000800000000)
  region size 1024K, 4 young (4096K), 4 survivors (4096K)
 Metaspace       used 25708K, capacity 26347K, committed 26624K, reserved 1073152K
  class space    used 2971K, capacity 3213K, committed 3328K, reserved 1048576K
}
Event: 2.257 GC heap before
{Heap before GC invocations=4 (full 0):
 garbage-first heap   total 262144K, used 80226K [0x0000000701000000, 0x0000000800000000)
  region size 1024K, 72 young (73728K), 4 survivors (4096K)
 Metaspace       used 29572K, capacity 30283K, committed 30464K, reserved 1075200K
  class space    used 3438K, capacity 3723K, committed 3840K, reserved 1048576K
}
Event: 2.262 GC heap after
{Heap after GC invocations=5 (full 0):
 garbage-first heap   total 262144K, used 13133K [0x0000000701000000, 0x0000000800000000)
  region size 1024K, 6 young (6144K), 6 survivors (6144K)
 Metaspace       used 29572K, capacity 30283K, committed 30464K, reserved 1075200K
  class space    used 3438K, capacity 3723K, committed 3840K, reserved 1048576K
}
Event: 3.046 GC heap before
{Heap before GC invocations=5 (full 0):
 garbage-first heap   total 262144K, used 61261K [0x0000000701000000, 0x0000000800000000)
  region size 1024K, 54 young (55296K), 6 survivors (6144K)
 Metaspace       used 34889K, capacity 35703K, committed 35840K, reserved 1081344K
  class space    used 4150K, capacity 4490K, committed 4608K, reserved 1048576K
}
Event: 3.056 GC heap after
{Heap after GC invocations=6 (full 0):
 garbage-first heap   total 315392K, used 15165K [0x0000000701000000, 0x0000000800000000)
  region size 1024K, 8 young (8192K), 8 survivors (8192K)
 Metaspace       used 34889K, capacity 35703K, committed 35840K, reserved 1081344K
  class space    used 4150K, capacity 4490K, committed 4608K, reserved 1048576K
}
Event: 4.617 GC heap before
{Heap before GC invocations=7 (full 0):
 garbage-first heap   total 315392K, used 128829K [0x0000000701000000, 0x0000000800000000)
  region size 1024K, 120 young (122880K), 8 survivors (8192K)
 Metaspace       used 48301K, capacity 49566K, committed 49664K, reserved 1093632K
  class space    used 5775K, capacity 6323K, committed 6400K, reserved 1048576K
}
Event: 4.627 GC heap after
{Heap after GC invocations=8 (full 0):
 garbage-first heap   total 315392K, used 19973K [0x0000000701000000, 0x0000000800000000)
  region size 1024K, 13 young (13312K), 13 survivors (13312K)
 Metaspace       used 48301K, capacity 49566K, committed 49664K, reserved 1093632K
  class space    used 5775K, capacity 6323K, committed 6400K, reserved 1048576K
}
Event: 5.527 GC heap before
{Heap before GC invocations=8 (full 0):
 garbage-first heap   total 315392K, used 70149K [0x0000000701000000, 0x0000000800000000)
  region size 1024K, 64 young (65536K), 13 survivors (13312K)
 Metaspace       used 58793K, capacity 60080K, committed 60160K, reserved 1101824K
  class space    used 7363K, capacity 7901K, committed 7936K, reserved 1048576K
}
Event: 5.542 GC heap after
{Heap after GC invocations=9 (full 0):
 garbage-first heap   total 315392K, used 22994K [0x0000000701000000, 0x0000000800000000)
  region size 1024K, 13 young (13312K), 13 survivors (13312K)
 Metaspace       used 58793K, capacity 60080K, committed 60160K, reserved 1101824K
  class space    used 7363K, capacity 7901K, committed 7936K, reserved 1048576K
}
Event: 311.038 GC heap before
{Heap before GC invocations=10 (full 0):
 garbage-first heap   total 315392K, used 198098K [0x0000000701000000, 0x0000000800000000)
  region size 1024K, 184 young (188416K), 13 survivors (13312K)
 Metaspace       used 79236K, capacity 81137K, committed 81408K, reserved 1120256K
  class space    used 10127K, capacity 10913K, committed 11008K, reserved 1048576K
}
Event: 311.057 GC heap after
{Heap after GC invocations=11 (full 0):
 garbage-first heap   total 315392K, used 30006K [0x0000000701000000, 0x0000000800000000)
  region size 1024K, 19 young (19456K), 19 survivors (19456K)
 Metaspace       used 79236K, capacity 81137K, committed 81408K, reserved 1120256K
  class space    used 10127K, capacity 10913K, committed 11008K, reserved 1048576K
}

